2025-03-19 12:57:43,684 pop-os /mydata/codes/2025/lambda-quarkus-native/target/lambda-quarkus-native-1.0-SNAPSHOT-runner[1853727] INFO  [io.quarkus] (main) lambda-quarkus-native 1.0-SNAPSHOT native (powered by Quarkus 3.19.3) started in 0.012s. 
2025-03-19 12:57:43,684 pop-os /mydata/codes/2025/lambda-quarkus-native/target/lambda-quarkus-native-1.0-SNAPSHOT-runner[1853727] INFO  [io.quarkus] (main) Profile prod activated. 
2025-03-19 12:57:43,684 pop-os /mydata/codes/2025/lambda-quarkus-native/target/lambda-quarkus-native-1.0-SNAPSHOT-runner[1853727] INFO  [io.quarkus] (main) Installed features: [amazon-lambda, cdi]
2025-03-19 12:57:43,684 pop-os /mydata/codes/2025/lambda-quarkus-native/target/lambda-quarkus-native-1.0-SNAPSHOT-runner[1853727] INFO  [io.qua.ama.lam.run.AbstractLambdaPollLoop] (Lambda Thread (NORMAL)) Listening on: http://localhost:8081/_lambda_/2018-06-01/runtime/invocation/next
2025-03-19 12:57:45,830 pop-os /mydata/codes/2025/lambda-quarkus-native/target/lambda-quarkus-native-1.0-SNAPSHOT-runner[1853727] INFO  [cre.ProcessingService] (Lambda Thread (NORMAL)) Received request to greet Stu
2025-03-19 12:57:45,968 pop-os /mydata/codes/2025/lambda-quarkus-native/target/lambda-quarkus-native-1.0-SNAPSHOT-runner[1853727] ERROR [io.qua.ama.lam.run.AbstractLambdaPollLoop] (Lambda Thread (NORMAL)) Error running lambda (NORMAL) [Error Occurred After Shutdown]: java.net.SocketException: Socket closed
	at java.base@23.0.2/sun.nio.ch.NioSocketImpl.endRead(NioSocketImpl.java:243)
	at java.base@23.0.2/sun.nio.ch.NioSocketImpl.implRead(NioSocketImpl.java:323)
	at java.base@23.0.2/sun.nio.ch.NioSocketImpl.read(NioSocketImpl.java:346)
	at java.base@23.0.2/sun.nio.ch.NioSocketImpl$1.read(NioSocketImpl.java:796)
	at java.base@23.0.2/java.net.Socket$SocketInputStream.implRead(Socket.java:1116)
	at java.base@23.0.2/java.net.Socket$SocketInputStream.read(Socket.java:1103)
	at java.base@23.0.2/java.io.BufferedInputStream.fill(BufferedInputStream.java:291)
	at java.base@23.0.2/java.io.BufferedInputStream.read1(BufferedInputStream.java:347)
	at java.base@23.0.2/java.io.BufferedInputStream.implRead(BufferedInputStream.java:420)
	at java.base@23.0.2/java.io.BufferedInputStream.read(BufferedInputStream.java:399)
	at java.base@23.0.2/sun.net.www.http.HttpClient.parseHTTPHeader(HttpClient.java:827)
	at java.base@23.0.2/sun.net.www.http.HttpClient.parseHTTP(HttpClient.java:759)
	at java.base@23.0.2/sun.net.www.protocol.http.HttpURLConnection.getInputStream0(HttpURLConnection.java:1706)
	at java.base@23.0.2/sun.net.www.protocol.http.HttpURLConnection.getInputStream(HttpURLConnection.java:1615)
	at java.base@23.0.2/sun.net.www.protocol.http.HttpURLConnection.getHeaderField(HttpURLConnection.java:3222)
	at io.quarkus.amazon.lambda.runtime.AbstractLambdaPollLoop$1.run(AbstractLambdaPollLoop.java:95)
	at java.base@23.0.2/java.lang.Thread.runWith(Thread.java:1588)
	at java.base@23.0.2/java.lang.Thread.run(Thread.java:1575)
	at org.graalvm.nativeimage.builder/com.oracle.svm.core.thread.PlatformThreads.threadStartRoutine(PlatformThreads.java:832)
	at org.graalvm.nativeimage.builder/com.oracle.svm.core.thread.PlatformThreads.threadStartRoutine(PlatformThreads.java:808)

2025-03-19 12:57:45,968 pop-os /mydata/codes/2025/lambda-quarkus-native/target/lambda-quarkus-native-1.0-SNAPSHOT-runner[1853727] INFO  [io.quarkus] (Shutdown thread) lambda-quarkus-native stopped in 0.001s
2025-03-19 12:57:45,968 pop-os /mydata/codes/2025/lambda-quarkus-native/target/lambda-quarkus-native-1.0-SNAPSHOT-runner[1853727] INFO  [io.qua.ama.lam.run.AbstractLambdaPollLoop] (Lambda Thread (NORMAL)) Lambda polling thread complete (NORMAL)
